C51 COMPILER V9.56.0.0   BEEP                                                              01/23/2021 10:30:08 PAGE 1   


C51 COMPILER V9.56.0.0, COMPILATION OF MODULE BEEP
OBJECT MODULE PLACED IN .\Objects\Beep.obj
COMPILER INVOKED BY: C:\program_list\keil\C51\BIN\C51.EXE ..\Device\BEEP\Beep.c LARGE OPTIMIZE(8,SPEED) BROWSE INCDIR(..
                    -\Device\LED;..\Device\system_digital_tube;..\Device\BEEP;..\Device\timer;..\Device\key;..\Device\uart;..\Device\adc) DEB
                    -UG OBJECTEXTEND PRINT(.\Listings\Beep.lst) OBJECT(.\Objects\Beep.obj)

line level    source

   1          #include "Beep.h"
   2          #include "system_digital_tube.h"
   3          u8 pwm_period = 0;
   4          BEEP_VALUE_T beep = {0,0};
   5          
   6          
   7          void set_Beep_pwm ( u8 duty )
   8          {
   9   1              u32 tep = ( u32 ) duty*pwm_period/100;
  10   1              PWM3D = tep;
  11   1      }
  12          
  13          
  14          
  15          void Beep_Init_Config ( void )
  16          {
  17   1              P1M7 = 0XC1;                        //设置P17推挽输出
  18   1              PWM3_MAP = 0x17;
  19   1              pwm_period = ( 31250/200 )-1;           //31250 = 4000000/128
  20   1              PWM3P = pwm_period;
  21   1      
  22   1              PWM3C = 0x95;
  23   1      }
  24          void buzzer ( u16 f,u16 time_ms ) 
  25          {
  26   1              u16 time = ( 120000 / 9600 ) *time_ms;
  27   1              u16 C= 120000/ ( 8*f );
  28   1              u16 x=0;
  29   1              for ( ; time>0; time-- )
  30   1              {
  31   2                      if ( x>C )
  32   2                      {
  33   3                              BEEP=0;
  34   3                              x=0;
  35   3                      }
  36   2                      else
  37   2                      {
  38   3                              x++;
  39   3                              BEEP=1;
  40   3                      }
  41   2              }
  42   1              BEEP=1;
  43   1      }
  44          
  45          
  46          void beep_Blink ( void )
  47          {
  48   1              static u16 beep_cnt = 0;
  49   1              if ( beep.beep_std_of == 1 )
  50   1              {
  51   2                      switch ( beep.beep_std )
  52   2                      {
  53   3                              case BEEP_OK:
C51 COMPILER V9.56.0.0   BEEP                                                              01/23/2021 10:30:08 PAGE 2   

  54   3                                      set_Beep_pwm ( 20 );
  55   3                                      if ( ++beep_cnt > 10 )
  56   3                                      {
  57   4                                              set_Beep_pwm ( 0 );
  58   4                                              beep_cnt = 0;
  59   4                                              beep.beep_std_of = 0;
  60   4                                      }
  61   3                                      break;
  62   3                              case BEEP_ERROR:
  63   3                                      set_Beep_pwm ( 20 );
  64   3                                      if ( ++beep_cnt % 16 == 0 )
  65   3                                      {
  66   4                                              set_Beep_pwm ( 0 );
  67   4                                              if ( beep_cnt > 24 )
  68   4                                              {
  69   5                                                      beep.beep_std_of = 0;
  70   5                                                      beep_cnt = 0;
  71   5                                                      set_Beep_pwm ( 0 );
  72   5                                              }
  73   4                                      }
  74   3                                      break;
  75   3                      }
  76   2              }
  77   1              else beep_cnt = 0;
  78   1                      
  79   1      }
  80          


MODULE INFORMATION:   STATIC OVERLAYABLE
   CODE SIZE        =    292    ----
   CONSTANT SIZE    =   ----    ----
   XDATA SIZE       =      5       4
   PDATA SIZE       =   ----    ----
   DATA SIZE        =   ----    ----
   IDATA SIZE       =   ----    ----
   BIT SIZE         =   ----    ----
END OF MODULE INFORMATION.


C51 COMPILATION COMPLETE.  0 WARNING(S),  0 ERROR(S)
